2016-12-16 01:27:20 INFO  Server:70 - Loading of file config.ini
2016-12-16 01:27:22 FATAL Server:82 - Explication Olivier
2016-12-16 01:33:47 INFO  Server:34 - Lanching of the serveur
2016-12-16 01:33:47 INFO  Server:70 - Loading of file config.ini
2016-12-16 01:33:48 FATAL Server:82 - Explication Olivier
2016-12-16 01:48:45 INFO  Server:34 - Lanching of the serveur
2016-12-16 01:48:45 INFO  Server:43 - Loading of file config.ini
2016-12-16 01:48:46 FATAL Server:55 - Explication Olivier
2016-12-16 02:14:01 INFO  Server:34 - Lanching of the serveur
2016-12-16 02:14:01 INFO  Server:43 - Loading of file config.ini
2016-12-16 02:14:01 FATAL Server:72 - Problem of lauching of the server
2016-12-16 02:14:19 INFO  Server:34 - Lanching of the serveur
2016-12-16 02:14:19 INFO  Server:43 - Loading of file config.ini
2016-12-16 02:14:20 FATAL Server:55 - Explication Olivier
2016-12-16 02:25:05 INFO  Server:34 - Lanching of the serveur
2016-12-16 02:25:05 INFO  Server:43 - Loading of file config.ini
2016-12-16 02:25:05 FATAL Server:72 - Problem of lauching of the server
2016-12-16 02:25:13 INFO  Server:34 - Lanching of the serveur
2016-12-16 02:25:13 INFO  Server:43 - Loading of file config.ini
2016-12-16 02:25:14 FATAL Server:55 - Explication Olivier
2016-12-16 02:32:21 INFO  Server:34 - Lanching of the serveur
2016-12-16 02:32:21 INFO  Server:43 - Loading of file config.ini
2016-12-16 02:37:41 INFO  Server:34 - Lanching of the serveur
2016-12-16 02:37:41 INFO  Server:43 - Loading of file config.ini
2016-12-16 02:37:42 FATAL Server:55 - Explication Olivier
2016-12-16 02:40:47 INFO  Server:34 - Lanching of the serveur
2016-12-16 02:40:47 INFO  Server:43 - Loading of file config.ini
2016-12-16 02:40:48 FATAL Server:55 - Explication Olivier
2016-12-16 02:44:10 INFO  Server:34 - Lanching of the serveur
2016-12-16 02:44:10 INFO  Server:43 - Loading of file config.ini
2016-12-16 02:44:11 FATAL Server:55 - Explication Olivier
2016-12-16 11:16:50 INFO  Server:34 - Lanching of the serveur
2016-12-16 11:16:50 INFO  Server:43 - Loading of file config.ini
2016-12-16 11:17:00 FATAL Server:78 - Error : access to the database wrong
2016-12-16 11:17:28 INFO  Server:34 - Lanching of the serveur
2016-12-16 11:17:28 INFO  Server:43 - Loading of file config.ini
2016-12-16 11:17:29 FATAL Server:55 - Explication Olivier
